Mdi:ArrangeIcons
Mdi:ArrangeIcons
Mdi:ArrangeIcons
wm geometry . 900x785+8+85
Mdi:ArrangeIcons
Mdi:ArrangeIcons
Mdi:ArrangeIcons
Mdi:ArrangeIcons
Mdi:ArrangeIcons
Mdi:ArrangeIcons
Mdi:ArrangeIcons
ScopeSigMgr:loadpffile /filespace/m/mjindal2/ece555/ECE555/RCA3/test-1.tr0 1 openonly
# PF:1
wm geometry .sigmgr._PF:1 232x242+2880+543
wm geometry .sigmgr._PF:1 232x242+972+154
wm geometry .sigmgr._PF:1 232x742+972+154
wm geometry .sigmgr._PF:1 232x242+972+154
wm geometry .sigmgr._PF:1 232x742+972+154
pf:read PF:1 v(s<2>) v(s<1>) v(s<0>) v(b<2>) v(b<1>) v(b<0>) v(a<2>) v(a<1>) v(a<0>)
# WF:1:1 WF:1:2 WF:1:3 WF:1:4 WF:1:5 WF:1:6 WF:1:7 WF:1:8 WF:1:9
Graph addsignal {WF:1:1 WF:1:2 WF:1:3 WF:1:4 WF:1:5 WF:1:6 WF:1:7 WF:1:8 WF:1:9} -region {new new new new new new new new new} -yview {real(y) real(y) real(y) real(y) real(y) real(y) real(y) real(y) real(y)} -xview {real(x) real(x) real(x) real(x) real(x) real(x) real(x) real(x) real(x)} -tracehi {2 2 2 2 2 2 2 2 2}
# Signal0 Signal1 Signal2 Signal3 Signal4 Signal5 Signal6 Signal7 Signal8
Mdi:ArrangeIcons
Mdi:ArrangeIcons
Mdi:FullSize
wm geometry .sigmgr 376x204+1119+196
Mdi:ArrangeIcons
wm geometry . 1920x980+0+23
wm geometry .sigmgr 376x204+522+164
wm geometry .sigmgr 376x204+1119+196
Mdi:ArrangeIcons
Mdi:ArrangeIcons
wm geometry . 1920x980+8+31
Mdi:ArrangeIcons
wm geometry . 1920x980+0+23
wm geometry .sigmgr._PF:1 232x742+2164+53
wm geometry .sigmgr 376x204+2453+330
Mdi:ArrangeIcons
wm geometry . 1920x980+8+31
Mdi:ArrangeIcons
wm geometry . 1920x980+0+23
wm geometry .sigmgr._PF:1 232x742+972+154
wm geometry .sigmgr._PF:1 232x742+2164+53
wm geometry .sigmgr 376x204+1119+196
wm geometry .sigmgr 376x204+2453+330
Mdi:ArrangeIcons
ScopeSigMgr:Unload 0 {{(1) test-1.tr0}}
Graph0 delsignal Signal0
Graph0 delsignal Signal1
Graph0 delsignal Signal2
Graph0 delsignal Signal3
Graph0 delsignal Signal4
Graph0 delsignal Signal5
Graph0 delsignal Signal6
Graph0 delsignal Signal7
Graph0 delsignal Signal8
Mdi:ArrangeIcons
Mdi:ArrangeIcons
