Mdi:ArrangeIcons
Mdi:ArrangeIcons
Mdi:ArrangeIcons
wm geometry . 900x785+8+85
Mdi:ArrangeIcons
Mdi:Resize 851 641
Mdi:Move 5 5
Mdi:ArrangeIcons
Mdi:ArrangeIcons
ScopeSigMgr:loadpffile /filespace/m/mjindal2/ece555/ECE555/RELU/test-1.tr0 1 openonly
# PF:1
wm geometry .sigmgr._PF:1 232x242+1280+720
wm geometry .sigmgr._PF:1 232x242+540+400
wm geometry .sigmgr._PF:1 647x640+540+400
pf:read PF:1 v(y<2>) v(y<1>) v(y<0>) v(a<2>) v(a<1>) v(a<0>)
# WF:1:1 WF:1:2 WF:1:3 WF:1:4 WF:1:5 WF:1:6
Graph addsignal {WF:1:1 WF:1:2 WF:1:3 WF:1:4 WF:1:5 WF:1:6} -region {new new new new new new} -yview {real(y) real(y) real(y) real(y) real(y) real(y)} -xview {real(x) real(x) real(x) real(x) real(x) real(x)} -tracehi {2 2 2 2 2 2}
# Signal0 Signal1 Signal2 Signal3 Signal4 Signal5
Mdi:ArrangeIcons
wm geometry .sigmgr._PF:1 647x640+1679+424
wm geometry .sigmgr 376x204+1304+145
wm geometry .sigmgr._PF:1 232x242+540+400
wm geometry .sigmgr._PF:1 647x640+540+400
wm geometry .sigmgr 376x204+522+164
Mdi:ArrangeIcons
wm geometry .sigmgr._PF:1 647x640+1679+424
wm geometry .sigmgr 376x204+1304+145
