Mdi:ArrangeIcons
wm geometry . 900x785+1458+300
Mdi:ArrangeIcons
Mdi:ArrangeIcons
Mdi:ArrangeIcons
Mdi:ArrangeIcons
Mdi:ArrangeIcons
Mdi:ArrangeIcons
Mdi:ArrangeIcons
Mdi:ArrangeIcons
Mdi:ArrangeIcons
Mdi:ArrangeIcons
Mdi:ArrangeIcons
Mdi:ArrangeIcons
Mdi:ArrangeIcons
Mdi:ArrangeIcons
Mdi:ArrangeIcons
Mdi:ArrangeIcons
Mdi:ArrangeIcons
Mdi:ArrangeIcons
Mdi:ArrangeIcons
Mdi:ArrangeIcons
ScopeSigMgr:loadpffile /filespace/m/mjindal2/ece555/ECE555/FA/test-1.tr0 1 openonly
# PF:1
wm geometry .sigmgr._PF:1 290x358+1920+1080
wm geometry .sigmgr._PF:1 291x358+1920+1080
wm geometry .sigmgr._PF:1 296x363+1920+1080
wm geometry .sigmgr._PF:1 311x377+1920+1080
wm geometry .sigmgr._PF:1 342x399+1920+1080
wm geometry .sigmgr._PF:1 394x429+1920+1080
wm geometry .sigmgr._PF:1 530x497+1920+1080
wm geometry .sigmgr._PF:1 652x553+1920+1080
wm geometry .sigmgr._PF:1 760x613+1920+1080
wm geometry .sigmgr._PF:1 846x677+1920+1080
wm geometry .sigmgr._PF:1 916x733+1920+1080
wm geometry .sigmgr._PF:1 976x783+1920+1080
wm geometry .sigmgr._PF:1 1024x815+1920+1080
wm geometry .sigmgr._PF:1 1066x837+1920+1080
wm geometry .sigmgr._PF:1 1096x846+1920+1080
wm geometry .sigmgr._PF:1 1108x849+1920+1080
wm geometry .sigmgr._PF:1 1112x849+1920+1080
wm geometry .sigmgr._PF:1 1114x848+1920+1080
wm geometry .sigmgr._PF:1 1116x847+1920+1080
wm geometry .sigmgr._PF:1 1118x845+1920+1080
wm geometry .sigmgr._PF:1 1121x844+1920+1080
wm geometry .sigmgr._PF:1 1123x843+1920+1080
wm geometry .sigmgr._PF:1 1126x842+1920+1080
wm geometry .sigmgr._PF:1 1127x842+1920+1080
wm geometry .sigmgr._PF:1 1128x842+1920+1080
wm geometry .sigmgr._PF:1 1129x842+1920+1080
wm geometry .sigmgr._PF:1 1130x842+1920+1080
wm geometry .sigmgr._PF:1 1131x842+1920+1080
wm geometry .sigmgr._PF:1 1132x841+1920+1080
wm geometry .sigmgr._PF:1 1133x841+1920+1080
pf:read PF:1 v(s) v(cout) v(cin) v(b) v(a)
# WF:1:1 WF:1:2 WF:1:3 WF:1:4 WF:1:5
Graph addsignal {WF:1:1 WF:1:2 WF:1:3 WF:1:4 WF:1:5} -region {new new new new new} -yview {real(y) real(y) real(y) real(y) real(y)} -xview {real(x) real(x) real(x) real(x) real(x)} -tracehi {2 2 2 2 2}
# Signal0 Signal1 Signal2 Signal3 Signal4
Mdi:ArrangeIcons
wm geometry . 900x785+1456+300
Mdi:ArrangeIcons
wm geometry . 900x785+1439+289
Mdi:ArrangeIcons
wm geometry . 900x785+1412+279
Mdi:ArrangeIcons
wm geometry . 900x785+1368+265
Mdi:ArrangeIcons
wm geometry . 900x785+1304+249
Mdi:ArrangeIcons
wm geometry . 900x785+1244+235
Mdi:ArrangeIcons
wm geometry . 900x785+1192+227
Mdi:ArrangeIcons
wm geometry . 900x785+1144+221
Mdi:ArrangeIcons
wm geometry . 900x785+1100+219
Mdi:ArrangeIcons
wm geometry . 900x785+1061+219
Mdi:ArrangeIcons
wm geometry . 900x785+1028+219
Mdi:ArrangeIcons
wm geometry . 900x785+989+219
Mdi:ArrangeIcons
wm geometry . 900x785+976+219
Mdi:ArrangeIcons
wm geometry . 900x785+971+219
Mdi:ArrangeIcons
wm geometry . 900x785+966+218
Mdi:ArrangeIcons
wm geometry . 900x785+963+218
Mdi:ArrangeIcons
wm geometry . 900x785+960+217
Mdi:ArrangeIcons
wm geometry . 900x785+954+217
Mdi:ArrangeIcons
wm geometry . 900x785+945+217
Mdi:ArrangeIcons
wm geometry . 900x785+937+217
Mdi:ArrangeIcons
wm geometry . 900x785+928+217
Mdi:ArrangeIcons
wm geometry . 900x785+923+216
Mdi:ArrangeIcons
wm geometry . 900x785+921+216
Mdi:ArrangeIcons
wm geometry . 903x786+921+216
Mdi:ArrangeIcons
wm geometry . 909x789+921+216
Mdi:ArrangeIcons
wm geometry . 922x794+921+216
Mdi:ArrangeIcons
wm geometry . 962x811+921+216
Mdi:ArrangeIcons
wm geometry . 1032x845+921+216
Mdi:ArrangeIcons
wm geometry . 1128x893+921+216
Mdi:ArrangeIcons
wm geometry . 1240x951+921+216
Mdi:ArrangeIcons
wm geometry . 1354x1017+921+216
Mdi:ArrangeIcons
wm geometry . 1546x1127+921+216
Mdi:ArrangeIcons
wm geometry . 1672x1199+921+216
Mdi:ArrangeIcons
wm geometry . 1794x1261+921+216
Mdi:ArrangeIcons
wm geometry . 1898x1309+921+216
Mdi:ArrangeIcons
wm geometry . 1982x1345+921+216
Mdi:ArrangeIcons
wm geometry . 2046x1375+921+216
Mdi:ArrangeIcons
wm geometry . 2092x1399+921+216
Mdi:ArrangeIcons
wm geometry . 2130x1417+921+216
Mdi:ArrangeIcons
wm geometry . 2163x1436+921+216
Mdi:ArrangeIcons
wm geometry . 2198x1456+921+216
Mdi:ArrangeIcons
wm geometry . 2236x1478+921+216
Mdi:ArrangeIcons
wm geometry . 2274x1500+921+216
Mdi:ArrangeIcons
wm geometry . 2309x1522+921+216
Mdi:ArrangeIcons
wm geometry . 2324x1533+921+216
Mdi:ArrangeIcons
wm geometry . 2334x1539+921+216
Mdi:ArrangeIcons
wm geometry . 2337x1542+921+216
Mdi:ArrangeIcons
wm geometry . 2338x1543+921+216
Mdi:ArrangeIcons
wm geometry . 2339x1543+921+216
Mdi:Resize 1321 939
Mdi:Move 5 5
wm geometry .sigmgr._PF:1 1133x841+1917+1076
wm geometry .sigmgr._PF:1 1133x841+1946+1086
wm geometry .sigmgr._PF:1 1133x841+1998+1102
wm geometry .sigmgr._PF:1 1133x841+2052+1118
wm geometry .sigmgr._PF:1 1133x841+2104+1134
wm geometry .sigmgr._PF:1 1133x841+2152+1148
wm geometry .sigmgr._PF:1 1133x841+2196+1160
wm geometry .sigmgr._PF:1 1133x841+2233+1169
wm geometry .sigmgr._PF:1 1133x841+2271+1177
wm geometry .sigmgr._PF:1 1133x841+2317+1185
wm geometry .sigmgr._PF:1 1133x841+2365+1189
wm geometry .sigmgr._PF:1 1133x841+2417+1193
wm geometry .sigmgr._PF:1 1133x841+2463+1199
wm geometry .sigmgr._PF:1 1133x841+2522+1209
wm geometry .sigmgr._PF:1 1133x841+2545+1212
wm geometry .sigmgr._PF:1 1133x841+2556+1213
wm geometry .sigmgr._PF:1 1133x841+2564+1215
wm geometry .sigmgr._PF:1 1133x841+2569+1215
wm geometry .sigmgr._PF:1 1133x841+2573+1215
wm geometry .sigmgr._PF:1 1133x841+2578+1213
wm geometry .sigmgr._PF:1 1133x841+2583+1209
wm geometry .sigmgr._PF:1 1133x841+2590+1202
wm geometry .sigmgr._PF:1 1133x841+2596+1192
wm geometry .sigmgr._PF:1 1133x841+2600+1183
wm geometry .sigmgr._PF:1 1133x841+2605+1176
wm geometry .sigmgr._PF:1 1133x841+2607+1167
wm geometry .sigmgr._PF:1 1133x841+2608+1161
wm geometry .sigmgr._PF:1 1133x841+2608+1153
wm geometry .sigmgr._PF:1 1133x841+2606+1146
wm geometry .sigmgr._PF:1 1133x841+2601+1135
wm geometry .sigmgr._PF:1 1133x841+2596+1127
wm geometry .sigmgr._PF:1 1133x841+2592+1121
wm geometry .sigmgr._PF:1 1133x841+2589+1110
wm geometry .sigmgr._PF:1 1133x841+2585+1099
wm geometry .sigmgr._PF:1 1133x841+2583+1088
wm geometry .sigmgr._PF:1 1133x841+2579+1077
wm geometry .sigmgr._PF:1 1133x841+2575+1065
wm geometry .sigmgr._PF:1 1133x841+2569+1045
wm geometry .sigmgr._PF:1 1133x841+2563+1027
wm geometry .sigmgr._PF:1 1133x841+2555+1007
wm geometry .sigmgr._PF:1 1133x841+2550+989
wm geometry .sigmgr._PF:1 1133x841+2548+973
wm geometry .sigmgr._PF:1 1133x841+2547+954
wm geometry .sigmgr._PF:1 1133x841+2547+941
wm geometry .sigmgr._PF:1 1133x841+2547+926
wm geometry .sigmgr._PF:1 1133x841+2547+919
wm geometry .sigmgr._PF:1 1133x841+2547+914
wm geometry .sigmgr._PF:1 1133x841+2547+911
wm geometry .sigmgr._PF:1 1133x841+2547+910
wm geometry .sigmgr._PF:1 1133x841+2547+909
wm geometry .sigmgr._PF:1 1133x841+2547+908
wm geometry .sigmgr._PF:1 1133x841+2541+905
wm geometry .sigmgr._PF:1 1133x841+2534+901
wm geometry .sigmgr._PF:1 1133x841+2530+898
wm geometry .sigmgr._PF:1 1133x841+2528+897
wm geometry .sigmgr._PF:1 1133x841+2525+894
wm geometry .sigmgr._PF:1 1133x841+2522+889
wm geometry .sigmgr._PF:1 1133x841+2521+886
wm geometry .sigmgr._PF:1 1133x841+2519+884
wm geometry .sigmgr._PF:1 1133x841+2519+883
wm geometry .sigmgr 467x236+1884+420
wm geometry .sigmgr 467x236+1909+420
wm geometry .sigmgr 467x236+1953+420
wm geometry .sigmgr 467x236+2007+420
wm geometry .sigmgr 467x236+2061+422
wm geometry .sigmgr 467x236+2123+426
wm geometry .sigmgr 467x236+2187+432
wm geometry .sigmgr 467x236+2259+436
wm geometry .sigmgr 467x236+2339+438
wm geometry .sigmgr 467x236+2421+440
wm geometry .sigmgr 467x236+2499+440
wm geometry .sigmgr 467x236+2571+440
wm geometry .sigmgr 467x236+2675+440
wm geometry .sigmgr 467x236+2737+440
wm geometry .sigmgr 467x236+2787+440
wm geometry .sigmgr 467x236+2824+440
wm geometry .sigmgr 467x236+2842+440
wm geometry .sigmgr 467x236+2846+440
wm geometry .sigmgr 467x236+2847+440
wm geometry .sigmgr 467x236+2846+440
wm geometry .sigmgr 467x236+2841+442
wm geometry .sigmgr 467x236+2833+446
wm geometry .sigmgr 467x236+2825+449
wm geometry .sigmgr 467x236+2821+452
wm geometry .sigmgr 467x236+2817+454
wm geometry .sigmgr 467x236+2816+455
wm geometry .sigmgr 467x236+2815+455
wm geometry .sigmgr 467x236+2814+456
wm geometry .sigmgr 467x236+2810+460
wm geometry .sigmgr 467x236+2806+463
wm geometry .sigmgr 467x236+2801+466
wm geometry .sigmgr 467x236+2797+469
wm geometry .sigmgr 467x236+2790+473
wm geometry .sigmgr 467x236+2786+474
wm geometry .sigmgr 467x236+2784+475
wm geometry .sigmgr 467x236+2783+475
wm geometry .sigmgr 467x236+2783+476
