Mdi:ArrangeIcons
wm geometry . 900x785+570+217
Mdi:ArrangeIcons
wm geometry . 900x785+566+213
Mdi:ArrangeIcons
Mdi:ArrangeIcons
Mdi:ArrangeIcons
Mdi:ArrangeIcons
Mdi:ArrangeIcons
Mdi:ArrangeIcons
Mdi:ArrangeIcons
Mdi:ArrangeIcons
Mdi:ArrangeIcons
Mdi:ArrangeIcons
Mdi:ArrangeIcons
Mdi:ArrangeIcons
Mdi:ArrangeIcons
Mdi:ArrangeIcons
Mdi:ArrangeIcons
Mdi:ArrangeIcons
Mdi:ArrangeIcons
Mdi:ArrangeIcons
Mdi:ArrangeIcons
Mdi:ArrangeIcons
Mdi:ArrangeIcons
Mdi:ArrangeIcons
Mdi:ArrangeIcons
wm geometry . 900x785+563+208
Mdi:ArrangeIcons
wm geometry . 900x785+559+204
Mdi:ArrangeIcons
wm geometry . 900x785+556+202
Mdi:ArrangeIcons
wm geometry . 900x785+554+200
Mdi:ArrangeIcons
wm geometry . 900x785+551+199
Mdi:ArrangeIcons
wm geometry . 900x785+549+199
Mdi:ArrangeIcons
wm geometry . 900x785+548+198
Mdi:ArrangeIcons
wm geometry . 900x785+545+198
Mdi:ArrangeIcons
wm geometry . 900x785+543+197
Mdi:ArrangeIcons
wm geometry . 900x785+541+197
Mdi:ArrangeIcons
wm geometry . 900x785+540+197
Mdi:ArrangeIcons
wm geometry . 900x785+539+197
Mdi:Resize 884 643
Mdi:Move 5 5
Mdi:ArrangeIcons
wm geometry . 901x785+539+197
Mdi:ArrangeIcons
wm geometry . 912x788+539+197
Mdi:ArrangeIcons
wm geometry . 930x792+539+197
Mdi:ArrangeIcons
wm geometry . 972x804+539+197
Mdi:ArrangeIcons
wm geometry . 1056x826+539+197
Mdi:ArrangeIcons
wm geometry . 1164x860+539+197
Mdi:ArrangeIcons
wm geometry . 1294x898+539+197
Mdi:ArrangeIcons
wm geometry . 1440x944+539+197
Mdi:ArrangeIcons
wm geometry . 1596x996+539+197
Mdi:ArrangeIcons
wm geometry . 1750x1042+539+197
Mdi:ArrangeIcons
wm geometry . 1892x1084+539+197
Mdi:ArrangeIcons
wm geometry . 2024x1122+539+197
Mdi:ArrangeIcons
wm geometry . 2202x1170+539+197
Mdi:ArrangeIcons
wm geometry . 2300x1196+539+197
Mdi:ArrangeIcons
wm geometry . 2380x1216+539+197
Mdi:ArrangeIcons
wm geometry . 2442x1234+539+197
Mdi:ArrangeIcons
wm geometry . 2500x1254+539+197
Mdi:ArrangeIcons
wm geometry . 2564x1272+539+197
Mdi:ArrangeIcons
wm geometry . 2632x1296+539+197
Mdi:ArrangeIcons
wm geometry . 2704x1320+539+197
Mdi:ArrangeIcons
wm geometry . 2782x1344+539+197
Mdi:ArrangeIcons
wm geometry . 2846x1366+539+197
Mdi:ArrangeIcons
wm geometry . 2906x1388+539+197
Mdi:ArrangeIcons
wm geometry . 2990x1424+539+197
Mdi:ArrangeIcons
wm geometry . 3014x1436+539+197
Mdi:ArrangeIcons
wm geometry . 3082x1472+539+197
Mdi:ArrangeIcons
wm geometry . 3132x1498+539+197
Mdi:ArrangeIcons
wm geometry . 3180x1530+539+197
Mdi:ArrangeIcons
wm geometry . 3232x1564+539+197
Mdi:ArrangeIcons
wm geometry . 3278x1594+539+197
Mdi:ArrangeIcons
wm geometry . 3291x1624+539+197
Mdi:ArrangeIcons
wm geometry . 3291x1652+539+197
Mdi:ArrangeIcons
wm geometry . 3291x1671+539+197
Mdi:ArrangeIcons
wm geometry . 3291x1679+539+197
Mdi:ArrangeIcons
wm geometry . 3291x1683+539+197
Mdi:ArrangeIcons
wm geometry . 3281x1684+539+197
Mdi:ArrangeIcons
wm geometry . 3265x1684+539+197
Mdi:ArrangeIcons
wm geometry . 3254x1685+539+197
Mdi:ArrangeIcons
wm geometry . 3241x1685+539+197
Mdi:ArrangeIcons
wm geometry . 3198x1687+539+197
Mdi:ArrangeIcons
wm geometry . 3166x1689+539+197
Mdi:ArrangeIcons
wm geometry . 3128x1691+539+197
Mdi:ArrangeIcons
wm geometry . 3101x1692+539+197
Mdi:ArrangeIcons
wm geometry . 3075x1692+539+197
Mdi:ArrangeIcons
wm geometry . 3047x1694+539+197
Mdi:ArrangeIcons
wm geometry . 3030x1695+539+197
Mdi:ArrangeIcons
wm geometry . 3013x1700+539+197
Mdi:ArrangeIcons
wm geometry . 3001x1702+539+197
Mdi:ArrangeIcons
wm geometry . 2995x1704+539+197
Mdi:ArrangeIcons
wm geometry . 2990x1705+539+197
Mdi:ArrangeIcons
wm geometry . 2985x1706+539+197
Mdi:ArrangeIcons
wm geometry . 2983x1706+539+197
Mdi:ArrangeIcons
wm geometry . 2982x1706+539+197
Mdi:ArrangeIcons
wm geometry . 2982x1707+539+197
Mdi:ArrangeIcons
wm geometry . 2984x1708+539+197
Mdi:ArrangeIcons
wm geometry . 2999x1713+539+197
Mdi:ArrangeIcons
wm geometry . 3020x1719+539+197
Mdi:ArrangeIcons
wm geometry . 3037x1722+539+197
Mdi:ArrangeIcons
wm geometry . 3052x1725+539+197
Mdi:ArrangeIcons
wm geometry . 3059x1727+539+197
Mdi:ArrangeIcons
wm geometry . 3061x1727+539+197
Mdi:ArrangeIcons
wm geometry . 3062x1727+539+197
Mdi:Resize 3030 1587
Mdi:Move 5 5
ScopeSigMgr:loadpffile /filespace/h/habrahamyan/ece555/ECE555/MULT2x2/test-1.tr0 1 openonly
# PF:1
wm geometry .sigmgr._PF:1 290x358+1920+1080
wm geometry .sigmgr._PF:1 290x358+1910+1071
wm geometry .sigmgr._PF:1 290x358+1891+1050
wm geometry .sigmgr._PF:1 290x358+1855+1014
wm geometry .sigmgr._PF:1 290x358+1797+964
wm geometry .sigmgr._PF:1 290x358+1723+906
wm geometry .sigmgr._PF:1 290x358+1639+836
wm geometry .sigmgr._PF:1 290x358+1555+766
wm geometry .sigmgr._PF:1 290x358+1485+706
wm geometry .sigmgr._PF:1 290x358+1429+658
wm geometry .sigmgr._PF:1 290x358+1367+592
wm geometry .sigmgr._PF:1 290x358+1331+554
wm geometry .sigmgr._PF:1 290x358+1295+518
wm geometry .sigmgr._PF:1 290x358+1257+484
wm geometry .sigmgr._PF:1 290x358+1221+450
wm geometry .sigmgr._PF:1 290x358+1187+420
wm geometry .sigmgr._PF:1 290x358+1151+388
wm geometry .sigmgr._PF:1 290x358+1119+360
wm geometry .sigmgr._PF:1 290x358+1095+338
wm geometry .sigmgr._PF:1 290x358+1084+326
wm geometry .sigmgr._PF:1 290x358+1080+321
wm geometry .sigmgr._PF:1 292x360+1080+321
wm geometry .sigmgr._PF:1 302x368+1080+321
wm geometry .sigmgr._PF:1 332x388+1080+321
wm geometry .sigmgr._PF:1 394x428+1080+321
wm geometry .sigmgr._PF:1 476x484+1080+321
wm geometry .sigmgr._PF:1 574x556+1080+321
wm geometry .sigmgr._PF:1 680x634+1080+321
wm geometry .sigmgr._PF:1 784x712+1080+321
wm geometry .sigmgr._PF:1 892x792+1080+321
wm geometry .sigmgr._PF:1 984x862+1080+321
wm geometry .sigmgr._PF:1 1066x924+1080+321
wm geometry .sigmgr._PF:1 1140x978+1080+321
wm geometry .sigmgr._PF:1 1222x1032+1080+321
wm geometry .sigmgr._PF:1 1266x1058+1080+321
wm geometry .sigmgr._PF:1 1297x1077+1080+321
wm geometry .sigmgr._PF:1 1326x1092+1080+321
wm geometry .sigmgr._PF:1 1362x1111+1080+321
wm geometry .sigmgr._PF:1 1400x1129+1080+321
wm geometry .sigmgr._PF:1 1440x1151+1080+321
wm geometry .sigmgr._PF:1 1480x1173+1080+321
wm geometry .sigmgr._PF:1 1520x1197+1080+321
wm geometry .sigmgr._PF:1 1554x1219+1080+321
wm geometry .sigmgr._PF:1 1573x1232+1080+321
wm geometry .sigmgr._PF:1 1583x1240+1080+321
wm geometry .sigmgr._PF:1 1586x1245+1080+321
wm geometry .sigmgr._PF:1 1587x1247+1080+321
wm geometry .sigmgr._PF:1 1588x1249+1080+321
wm geometry .sigmgr._PF:1 1588x1250+1080+321
wm geometry .sigmgr._PF:1 1587x1250+1080+321
pf:read PF:1 v(s<1>) v(s<0>) v(b<1>) v(b<0>) v(a<1>) v(a<0>)
# WF:1:1 WF:1:2 WF:1:3 WF:1:4 WF:1:5 WF:1:6
Graph addsignal {WF:1:1 WF:1:2 WF:1:3 WF:1:4 WF:1:5 WF:1:6} -region {new new new new new new} -yview {real(y) real(y) real(y) real(y) real(y) real(y)} -xview {real(x) real(x) real(x) real(x) real(x) real(x)} -tracehi {2 2 2 2 2 2}
# Signal0 Signal1 Signal2 Signal3 Signal4 Signal5
wm geometry .sigmgr._PF:1 1584x1249+1080+321
wm geometry .sigmgr._PF:1 1579x1248+1080+321
wm geometry .sigmgr._PF:1 1568x1245+1080+321
wm geometry .sigmgr._PF:1 1533x1235+1080+321
wm geometry .sigmgr._PF:1 1454x1215+1080+321
wm geometry .sigmgr._PF:1 1386x1195+1080+321
wm geometry .sigmgr._PF:1 1282x1169+1080+321
wm geometry .sigmgr._PF:1 1178x1139+1080+321
wm geometry .sigmgr._PF:1 1068x1113+1080+321
wm geometry .sigmgr._PF:1 958x1087+1080+321
wm geometry .sigmgr._PF:1 860x1075+1080+321
wm geometry .sigmgr._PF:1 776x1071+1080+321
wm geometry .sigmgr._PF:1 710x1067+1080+321
wm geometry .sigmgr._PF:1 654x1065+1080+321
wm geometry .sigmgr._PF:1 604x1061+1080+321
wm geometry .sigmgr._PF:1 552x1053+1080+321
wm geometry .sigmgr._PF:1 482x1041+1080+321
wm geometry .sigmgr._PF:1 440x1033+1080+321
wm geometry .sigmgr._PF:1 400x1025+1080+321
wm geometry .sigmgr._PF:1 367x1017+1080+321
wm geometry .sigmgr._PF:1 346x1014+1080+321
wm geometry .sigmgr._PF:1 333x1011+1080+321
wm geometry .sigmgr._PF:1 326x1009+1080+321
wm geometry .sigmgr._PF:1 322x1008+1080+321
wm geometry .sigmgr._PF:1 319x1008+1080+321
wm geometry .sigmgr._PF:1 317x1008+1080+321
wm geometry .sigmgr._PF:1 316x1008+1080+321
wm geometry .sigmgr._PF:1 313x1008+1080+321
wm geometry .sigmgr._PF:1 306x1008+1080+321
wm geometry .sigmgr._PF:1 299x1008+1080+321
wm geometry .sigmgr._PF:1 290x1007+1080+321
wm geometry .sigmgr._PF:1 280x1006+1080+321
wm geometry .sigmgr._PF:1 272x1006+1080+321
wm geometry .sigmgr._PF:1 269x1005+1080+321
wm geometry .sigmgr._PF:1 268x1005+1080+321
wm geometry .sigmgr._PF:1 267x1005+1080+321
wm geometry .sigmgr._PF:1 266x1005+1080+321
wm geometry .sigmgr._PF:1 272x1006+1080+321
wm geometry .sigmgr._PF:1 279x1007+1080+321
wm geometry .sigmgr._PF:1 288x1008+1080+321
wm geometry .sigmgr._PF:1 317x1014+1080+321
wm geometry .sigmgr._PF:1 350x1017+1080+321
wm geometry .sigmgr._PF:1 372x1022+1080+321
wm geometry .sigmgr._PF:1 382x1023+1080+321
wm geometry .sigmgr._PF:1 385x1024+1080+321
wm geometry .sigmgr._PF:1 386x1024+1080+321
wm geometry .sigmgr._PF:1 389x1025+1080+321
wm geometry .sigmgr._PF:1 395x1027+1080+321
wm geometry .sigmgr._PF:1 401x1030+1080+321
wm geometry .sigmgr._PF:1 416x1034+1080+321
wm geometry .sigmgr._PF:1 437x1037+1080+321
wm geometry .sigmgr._PF:1 456x1040+1080+321
wm geometry .sigmgr._PF:1 470x1041+1080+321
wm geometry .sigmgr._PF:1 476x1041+1080+321
wm geometry .sigmgr._PF:1 477x1041+1080+321
wm geometry .sigmgr._PF:1 476x1041+1080+321
wm geometry .sigmgr._PF:1 474x1040+1080+321
wm geometry .sigmgr._PF:1 463x1038+1080+321
wm geometry .sigmgr._PF:1 456x1036+1080+321
wm geometry .sigmgr._PF:1 447x1035+1080+321
wm geometry .sigmgr._PF:1 435x1032+1080+321
wm geometry .sigmgr._PF:1 420x1030+1080+321
wm geometry .sigmgr._PF:1 407x1027+1080+321
wm geometry .sigmgr._PF:1 402x1026+1080+321
wm geometry .sigmgr._PF:1 398x1025+1080+321
wm geometry .sigmgr._PF:1 393x1024+1080+321
wm geometry .sigmgr._PF:1 390x1024+1080+321
wm geometry .sigmgr._PF:1 388x1024+1080+321
wm geometry .sigmgr._PF:1 387x1024+1080+321
wm geometry .sigmgr._PF:1 384x1024+1080+321
wm geometry .sigmgr._PF:1 381x1024+1080+321
wm geometry .sigmgr._PF:1 372x1024+1080+321
wm geometry .sigmgr._PF:1 363x1024+1080+321
wm geometry .sigmgr._PF:1 354x1023+1080+321
wm geometry .sigmgr._PF:1 345x1022+1080+321
wm geometry .sigmgr._PF:1 339x1022+1080+321
wm geometry .sigmgr._PF:1 333x1021+1080+321
wm geometry .sigmgr._PF:1 327x1021+1080+321
wm geometry .sigmgr._PF:1 323x1020+1080+321
wm geometry .sigmgr._PF:1 319x1019+1080+321
wm geometry .sigmgr._PF:1 316x1019+1080+321
wm geometry .sigmgr._PF:1 314x1019+1080+321
wm geometry .sigmgr._PF:1 313x1019+1080+321
wm geometry .sigmgr._PF:1 312x1013+1080+321
wm geometry .sigmgr._PF:1 312x1013+1075+325
wm geometry .sigmgr._PF:1 312x1013+1057+335
wm geometry .sigmgr._PF:1 312x1013+1022+354
wm geometry .sigmgr._PF:1 312x1013+972+380
wm geometry .sigmgr._PF:1 312x1013+898+416
wm geometry .sigmgr._PF:1 312x1013+804+462
wm geometry .sigmgr._PF:1 312x1013+698+508
wm geometry .sigmgr._PF:1 312x1013+592+556
wm geometry .sigmgr._PF:1 312x1013+484+602
wm geometry .sigmgr._PF:1 312x1013+386+646
wm geometry .sigmgr._PF:1 312x1013+306+684
wm geometry .sigmgr._PF:1 312x1013+246+714
wm geometry .sigmgr._PF:1 312x1013+192+742
wm geometry .sigmgr._PF:1 312x1013+126+788
wm geometry .sigmgr._PF:1 312x1013+86+820
wm geometry .sigmgr._PF:1 312x1013+50+852
wm geometry .sigmgr._PF:1 312x1013+21+880
wm geometry .sigmgr._PF:1 312x1013+6+898
wm geometry .sigmgr._PF:1 312x1013+0+908
wm geometry .sigmgr._PF:1 312x1013+0+917
wm geometry .sigmgr._PF:1 312x1013+4+926
wm geometry .sigmgr._PF:1 312x1013+7+936
wm geometry .sigmgr._PF:1 312x1013+13+945
wm geometry .sigmgr._PF:1 312x1013+22+957
wm geometry .sigmgr._PF:1 312x1013+56+983
wm geometry .sigmgr._PF:1 312x1013+89+1005
wm geometry .sigmgr._PF:1 312x1013+114+1021
wm geometry .sigmgr._PF:1 312x1013+126+1033
wm geometry .sigmgr._PF:1 312x1013+133+1042
wm geometry .sigmgr._PF:1 312x1013+137+1047
wm geometry .sigmgr._PF:1 312x1013+140+1051
wm geometry .sigmgr._PF:1 312x1013+143+1055
wm geometry .sigmgr._PF:1 312x1013+146+1058
wm geometry .sigmgr._PF:1 312x1013+149+1060
wm geometry .sigmgr._PF:1 312x1013+150+1062
wm geometry .sigmgr._PF:1 312x1013+147+1065
wm geometry .sigmgr._PF:1 312x1013+140+1070
wm geometry .sigmgr._PF:1 312x1013+131+1074
wm geometry .sigmgr._PF:1 312x1013+122+1078
wm geometry .sigmgr._PF:1 312x1013+114+1082
wm geometry .sigmgr._PF:1 312x1013+109+1084
wm geometry .sigmgr._PF:1 312x1013+105+1086
wm geometry .sigmgr._PF:1 312x1013+103+1087
wm geometry .sigmgr._PF:1 312x1013+102+1087
wm geometry .sigmgr 467x236+3116+319
wm geometry .sigmgr 467x236+3087+328
wm geometry .sigmgr 467x236+3039+332
wm geometry .sigmgr 467x236+2981+338
wm geometry .sigmgr 467x236+2899+338
wm geometry .sigmgr 467x236+2827+336
wm geometry .sigmgr 467x236+2755+334
wm geometry .sigmgr 467x236+2679+334
wm geometry .sigmgr 467x236+2601+334
wm geometry .sigmgr 467x236+2527+334
wm geometry .sigmgr 467x236+2453+330
wm geometry .sigmgr 467x236+2373+330
wm geometry .sigmgr 467x236+2255+324
wm geometry .sigmgr 467x236+2173+320
wm geometry .sigmgr 467x236+2081+316
wm geometry .sigmgr 467x236+1989+312
wm geometry .sigmgr 467x236+1897+310
wm geometry .sigmgr 467x236+1803+312
wm geometry .sigmgr 467x236+1717+314
wm geometry .sigmgr 467x236+1641+314
wm geometry .sigmgr 467x236+1571+316
wm geometry .sigmgr 467x236+1509+316
wm geometry .sigmgr 467x236+1451+318
wm geometry .sigmgr 467x236+1395+322
wm geometry .sigmgr 467x236+1301+334
wm geometry .sigmgr 467x236+1245+338
wm geometry .sigmgr 467x236+1185+340
wm geometry .sigmgr 467x236+1123+340
wm geometry .sigmgr 467x236+1061+340
wm geometry .sigmgr 467x236+997+340
wm geometry .sigmgr 467x236+935+336
wm geometry .sigmgr 467x236+875+334
wm geometry .sigmgr 467x236+825+334
wm geometry .sigmgr 467x236+777+334
wm geometry .sigmgr 467x236+723+334
wm geometry .sigmgr 467x236+667+334
wm geometry .sigmgr 467x236+579+336
wm geometry .sigmgr 467x236+509+344
wm geometry .sigmgr 467x236+443+352
wm geometry .sigmgr 467x236+377+356
wm geometry .sigmgr 467x236+325+358
wm geometry .sigmgr 467x236+271+362
wm geometry .sigmgr 467x236+211+366
wm geometry .sigmgr 467x236+149+374
wm geometry .sigmgr 467x236+95+382
wm geometry .sigmgr 467x236+51+388
wm geometry .sigmgr 467x236+9+396
wm geometry .sigmgr 467x236+-10+408
wm geometry .sigmgr 467x236+-81+423
wm geometry .sigmgr 467x236+-98+430
wm geometry .sigmgr 467x236+-109+436
wm geometry .sigmgr 467x236+-116+440
wm geometry .sigmgr 467x236+-118+443
wm geometry .sigmgr 467x236+-120+445
wm geometry .sigmgr 467x236+-120+446
wm geometry .sigmgr 467x236+-122+450
wm geometry .sigmgr 467x236+-123+454
wm geometry .sigmgr 467x236+-124+461
wm geometry .sigmgr 467x236+-125+468
wm geometry .sigmgr 467x236+-125+472
wm geometry .sigmgr 467x236+-126+480
wm geometry .sigmgr 467x236+-126+489
wm geometry .sigmgr 467x236+-127+497
wm geometry .sigmgr 467x236+-127+505
wm geometry .sigmgr 467x236+-127+514
wm geometry .sigmgr 467x236+-127+523
wm geometry .sigmgr 467x236+-127+530
wm geometry .sigmgr 467x236+-125+536
wm geometry .sigmgr 467x236+-123+542
wm geometry .sigmgr 467x236+-121+547
wm geometry .sigmgr 467x236+-118+552
wm geometry .sigmgr 467x236+-114+557
wm geometry .sigmgr 467x236+-104+564
wm geometry .sigmgr 467x236+-87+571
wm geometry .sigmgr 467x236+-67+579
wm geometry .sigmgr 467x236+-55+584
wm geometry .sigmgr 467x236+-48+587
wm geometry .sigmgr 467x236+-46+588
wm geometry .sigmgr 467x236+-44+588
wm geometry .sigmgr 467x236+-44+589
wm geometry .sigmgr 467x236+-43+589
